2026-01-02 20:37:32,284 - __main__.YFinanceIndicatorsCore - INFO - Initialized YFinanceIndicatorsCore with benchmark: ^GSPC
2026-01-02 20:37:32,285 - __main__.YFinanceIndicatorsCore - INFO - Getting last completed day volume for NVDA
2026-01-02 20:37:35,096 - __main__.YFinanceIndicatorsCore - INFO - Completed trading day calculation: 2025-12-31
2026-01-02 20:37:35,096 - __main__.YFinanceIndicatorsCore - INFO - Successfully calculated volume for NVDA: 120100500
2026-01-02 20:37:35,096 - __main__.YFinanceIndicatorsCore - INFO - Getting 5-day average volume for NVDA
2026-01-02 20:37:35,472 - __main__.YFinanceIndicatorsCore - INFO - Successfully calculated 5D avg volume for NVDA: 108612540
2026-01-02 20:37:35,472 - __main__.YFinanceIndicatorsCore - INFO - Getting market cap for NVDA
2026-01-02 20:37:35,486 - __main__.YFinanceIndicatorsCore - INFO - Successfully retrieved market cap for NVDA: 4540715761664
2026-01-02 20:37:35,486 - __main__.YFinanceIndicatorsCore - INFO - Calculating beta for NVDA vs ^GSPC
2026-01-02 20:37:35,766 - __main__.YFinanceIndicatorsCore - INFO - Successfully calculated beta_3mo for NVDA: 1.8426792525856623
2026-01-02 20:37:36,037 - __main__.YFinanceIndicatorsCore - INFO - Successfully calculated beta_1y for NVDA: 1.9619276901288392
2026-01-02 20:37:36,452 - __main__.YFinanceIndicatorsCore - INFO - Successfully calculated beta_5y for NVDA: 2.1656868809556524
2026-01-02 20:37:36,452 - __main__.YFinanceIndicatorsCore - INFO - Getting last completed day volume for ONDS
2026-01-02 20:37:36,945 - __main__.YFinanceIndicatorsCore - INFO - Completed trading day calculation: 2025-12-31
2026-01-02 20:37:36,949 - __main__.YFinanceIndicatorsCore - INFO - Successfully calculated volume for ONDS: 156334100
2026-01-02 20:37:36,951 - __main__.YFinanceIndicatorsCore - INFO - Getting 5-day average volume for ONDS
2026-01-02 20:37:37,105 - __main__.YFinanceIndicatorsCore - INFO - Successfully calculated 5D avg volume for ONDS: 63653340
2026-01-02 20:37:37,105 - __main__.YFinanceIndicatorsCore - INFO - Getting market cap for ONDS
2026-01-02 20:37:37,105 - __main__.YFinanceIndicatorsCore - INFO - Successfully retrieved market cap for ONDS: 3705466368
2026-01-02 20:37:37,105 - __main__.YFinanceIndicatorsCore - INFO - Calculating beta for ONDS vs ^GSPC
2026-01-02 20:37:37,248 - __main__.YFinanceIndicatorsCore - INFO - Successfully calculated beta_3mo for ONDS: 4.0890642248053215
2026-01-02 20:37:37,376 - __main__.YFinanceIndicatorsCore - INFO - Successfully calculated beta_1y for ONDS: 2.348960874116314
2026-01-02 20:37:37,695 - __main__.YFinanceIndicatorsCore - INFO - Successfully calculated beta_5y for ONDS: 2.041306387258825
2026-01-02 20:37:37,695 - __main__.YFinanceIndicatorsCore - INFO - Getting last completed day volume for TSM
2026-01-02 20:37:38,604 - __main__.YFinanceIndicatorsCore - INFO - Completed trading day calculation: 2025-12-31
2026-01-02 20:37:38,604 - __main__.YFinanceIndicatorsCore - INFO - Successfully calculated volume for TSM: 8175100
2026-01-02 20:37:38,604 - __main__.YFinanceIndicatorsCore - INFO - Getting 5-day average volume for TSM
2026-01-02 20:37:38,872 - __main__.YFinanceIndicatorsCore - INFO - Successfully calculated 5D avg volume for TSM: 5690120
2026-01-02 20:37:38,872 - __main__.YFinanceIndicatorsCore - INFO - Getting market cap for TSM
2026-01-02 20:37:38,889 - __main__.YFinanceIndicatorsCore - INFO - Successfully retrieved market cap for TSM: 1576127037440
2026-01-02 20:37:38,889 - __main__.YFinanceIndicatorsCore - INFO - Calculating beta for TSM vs ^GSPC
2026-01-02 20:37:39,057 - __main__.YFinanceIndicatorsCore - INFO - Successfully calculated beta_3mo for TSM: 2.090254692398054
2026-01-02 20:37:39,220 - __main__.YFinanceIndicatorsCore - INFO - Successfully calculated beta_1y for TSM: 1.554592338544159
2026-01-02 20:37:39,589 - __main__.YFinanceIndicatorsCore - INFO - Successfully calculated beta_5y for TSM: 1.376828585542215
